{"C:\\Users\\attep\\backend-course-project\\src\\app.js": {"path":"C:\\Users\\attep\\backend-course-project\\src\\app.js","statementMap":{"0":{"start":{"line":1,"column":16},"end":{"line":1,"column":34}},"1":{"start":{"line":2,"column":13},"end":{"line":2,"column":28}},"2":{"start":{"line":4,"column":20},"end":{"line":4,"column":45}},"3":{"start":{"line":5,"column":24},"end":{"line":5,"column":53}},"4":{"start":{"line":6,"column":19},"end":{"line":6,"column":43}},"5":{"start":{"line":8,"column":21},"end":{"line":8,"column":57}},"6":{"start":{"line":10,"column":17},"end":{"line":10,"column":37}},"7":{"start":{"line":11,"column":15},"end":{"line":11,"column":38}},"8":{"start":{"line":13,"column":12},"end":{"line":13,"column":21}},"9":{"start":{"line":15,"column":0},"end":{"line":15,"column":24}},"10":{"start":{"line":17,"column":0},"end":{"line":21,"column":2}},"11":{"start":{"line":23,"column":0},"end":{"line":23,"column":62}},"12":{"start":{"line":25,"column":0},"end":{"line":27,"column":3}},"13":{"start":{"line":26,"column":2},"end":{"line":26,"column":67}},"14":{"start":{"line":30,"column":0},"end":{"line":30,"column":35}},"15":{"start":{"line":31,"column":0},"end":{"line":31,"column":43}},"16":{"start":{"line":32,"column":0},"end":{"line":32,"column":33}},"17":{"start":{"line":35,"column":0},"end":{"line":37,"column":3}},"18":{"start":{"line":36,"column":2},"end":{"line":36,"column":45}},"19":{"start":{"line":39,"column":0},"end":{"line":39,"column":22}},"20":{"start":{"line":41,"column":0},"end":{"line":41,"column":21}}},"fnMap":{"0":{"name":"(anonymous_0)","decl":{"start":{"line":25,"column":13},"end":{"line":25,"column":14}},"loc":{"start":{"line":25,"column":27},"end":{"line":27,"column":1}},"line":25},"1":{"name":"(anonymous_1)","decl":{"start":{"line":35,"column":8},"end":{"line":35,"column":9}},"loc":{"start":{"line":35,"column":22},"end":{"line":37,"column":1}},"line":35}},"branchMap":{},"s":{"0":1,"1":1,"2":1,"3":1,"4":1,"5":1,"6":1,"7":1,"8":1,"9":1,"10":1,"11":1,"12":1,"13":0,"14":1,"15":1,"16":1,"17":1,"18":0,"19":1,"20":1},"f":{"0":0,"1":0},"b":{},"meta":{"lastBranch":0,"lastFunction":2,"lastStatement":21,"seen":{"s:1:16:1:34":0,"s:2:13:2:28":1,"s:4:20:4:45":2,"s:5:24:5:53":3,"s:6:19:6:43":4,"s:8:21:8:57":5,"s:10:17:10:37":6,"s:11:15:11:38":7,"s:13:12:13:21":8,"s:15:0:15:24":9,"s:17:0:21:2":10,"s:23:0:23:62":11,"s:25:0:27:3":12,"f:25:13:25:14":0,"s:26:2:26:67":13,"s:30:0:30:35":14,"s:31:0:31:43":15,"s:32:0:32:33":16,"s:35:0:37:3":17,"f:35:8:35:9":1,"s:36:2:36:45":18,"s:39:0:39:22":19,"s:41:0:41:21":20}}}
,"C:\\Users\\attep\\backend-course-project\\src\\lib\\errors.js": {"path":"C:\\Users\\attep\\backend-course-project\\src\\lib\\errors.js","statementMap":{"0":{"start":{"line":3,"column":4},"end":{"line":3,"column":19}},"1":{"start":{"line":4,"column":4},"end":{"line":4,"column":25}},"2":{"start":{"line":10,"column":4},"end":{"line":10,"column":24}},"3":{"start":{"line":16,"column":4},"end":{"line":16,"column":24}},"4":{"start":{"line":22,"column":4},"end":{"line":22,"column":24}},"5":{"start":{"line":28,"column":4},"end":{"line":28,"column":24}},"6":{"start":{"line":34,"column":4},"end":{"line":34,"column":24}},"7":{"start":{"line":38,"column":0},"end":{"line":45,"column":2}}},"fnMap":{"0":{"name":"(anonymous_0)","decl":{"start":{"line":2,"column":2},"end":{"line":2,"column":13}},"loc":{"start":{"line":2,"column":31},"end":{"line":5,"column":3}},"line":2},"1":{"name":"(anonymous_1)","decl":{"start":{"line":9,"column":2},"end":{"line":9,"column":13}},"loc":{"start":{"line":9,"column":41},"end":{"line":11,"column":3}},"line":9},"2":{"name":"(anonymous_2)","decl":{"start":{"line":15,"column":2},"end":{"line":15,"column":13}},"loc":{"start":{"line":15,"column":40},"end":{"line":17,"column":3}},"line":15},"3":{"name":"(anonymous_3)","decl":{"start":{"line":21,"column":2},"end":{"line":21,"column":13}},"loc":{"start":{"line":21,"column":37},"end":{"line":23,"column":3}},"line":21},"4":{"name":"(anonymous_4)","decl":{"start":{"line":27,"column":2},"end":{"line":27,"column":13}},"loc":{"start":{"line":27,"column":37},"end":{"line":29,"column":3}},"line":27},"5":{"name":"(anonymous_5)","decl":{"start":{"line":33,"column":2},"end":{"line":33,"column":13}},"loc":{"start":{"line":33,"column":36},"end":{"line":35,"column":3}},"line":33}},"branchMap":{"0":{"loc":{"start":{"line":9,"column":14},"end":{"line":9,"column":39}},"type":"default-arg","locations":[{"start":{"line":9,"column":24},"end":{"line":9,"column":39}}],"line":9},"1":{"loc":{"start":{"line":15,"column":14},"end":{"line":15,"column":38}},"type":"default-arg","locations":[{"start":{"line":15,"column":24},"end":{"line":15,"column":38}}],"line":15},"2":{"loc":{"start":{"line":21,"column":14},"end":{"line":21,"column":35}},"type":"default-arg","locations":[{"start":{"line":21,"column":24},"end":{"line":21,"column":35}}],"line":21},"3":{"loc":{"start":{"line":27,"column":14},"end":{"line":27,"column":35}},"type":"default-arg","locations":[{"start":{"line":27,"column":24},"end":{"line":27,"column":35}}],"line":27},"4":{"loc":{"start":{"line":33,"column":14},"end":{"line":33,"column":34}},"type":"default-arg","locations":[{"start":{"line":33,"column":24},"end":{"line":33,"column":34}}],"line":33}},"s":{"0":0,"1":0,"2":0,"3":0,"4":0,"5":0,"6":0,"7":1},"f":{"0":0,"1":0,"2":0,"3":0,"4":0,"5":0},"b":{"0":[0],"1":[0],"2":[0],"3":[0],"4":[0]},"meta":{"lastBranch":5,"lastFunction":6,"lastStatement":8,"seen":{"f:2:2:2:13":0,"s:3:4:3:19":0,"s:4:4:4:25":1,"f:9:2:9:13":1,"b:9:24:9:39":0,"s:10:4:10:24":2,"f:15:2:15:13":2,"b:15:24:15:38":1,"s:16:4:16:24":3,"f:21:2:21:13":3,"b:21:24:21:35":2,"s:22:4:22:24":4,"f:27:2:27:13":4,"b:27:24:27:35":3,"s:28:4:28:24":5,"f:33:2:33:13":5,"b:33:24:33:34":4,"s:34:4:34:24":6,"s:38:0:45:2":7}}}
,"C:\\Users\\attep\\backend-course-project\\src\\lib\\logger.js": {"path":"C:\\Users\\attep\\backend-course-project\\src\\lib\\logger.js","statementMap":{"0":{"start":{"line":1,"column":13},"end":{"line":1,"column":28}},"1":{"start":{"line":3,"column":15},"end":{"line":7,"column":2}},"2":{"start":{"line":9,"column":0},"end":{"line":9,"column":24}}},"fnMap":{},"branchMap":{},"s":{"0":1,"1":1,"2":1},"f":{},"b":{},"meta":{"lastBranch":0,"lastFunction":0,"lastStatement":3,"seen":{"s:1:13:1:28":0,"s:3:15:7:2":1,"s:9:0:9:24":2}}}
,"C:\\Users\\attep\\backend-course-project\\src\\lib\\prisma.js": {"path":"C:\\Users\\attep\\backend-course-project\\src\\lib\\prisma.js","statementMap":{"0":{"start":{"line":1,"column":25},"end":{"line":1,"column":50}},"1":{"start":{"line":3,"column":15},"end":{"line":3,"column":33}},"2":{"start":{"line":5,"column":0},"end":{"line":5,"column":null}}},"fnMap":{},"branchMap":{},"s":{"0":1,"1":1,"2":1},"f":{},"b":{},"meta":{"lastBranch":0,"lastFunction":0,"lastStatement":3,"seen":{"s:1:25:1:50":0,"s:3:15:3:33":1,"s:5:0:5:Infinity":2}}}
,"C:\\Users\\attep\\backend-course-project\\src\\middleware\\auth.js": {"path":"C:\\Users\\attep\\backend-course-project\\src\\middleware\\auth.js","statementMap":{"0":{"start":{"line":1,"column":12},"end":{"line":1,"column":35}},"1":{"start":{"line":3,"column":21},"end":{"line":19,"column":1}},"2":{"start":{"line":4,"column":21},"end":{"line":4,"column":46}},"3":{"start":{"line":6,"column":2},"end":{"line":8,"column":3}},"4":{"start":{"line":7,"column":4},"end":{"line":7,"column":64}},"5":{"start":{"line":10,"column":16},"end":{"line":10,"column":40}},"6":{"start":{"line":12,"column":2},"end":{"line":18,"column":3}},"7":{"start":{"line":13,"column":20},"end":{"line":13,"column":61}},"8":{"start":{"line":14,"column":4},"end":{"line":14,"column":23}},"9":{"start":{"line":15,"column":4},"end":{"line":15,"column":11}},"10":{"start":{"line":17,"column":4},"end":{"line":17,"column":60}},"11":{"start":{"line":21,"column":0},"end":{"line":21,"column":30}}},"fnMap":{"0":{"name":"(anonymous_0)","decl":{"start":{"line":3,"column":21},"end":{"line":3,"column":22}},"loc":{"start":{"line":3,"column":41},"end":{"line":19,"column":1}},"line":3}},"branchMap":{"0":{"loc":{"start":{"line":6,"column":2},"end":{"line":8,"column":3}},"type":"if","locations":[{"start":{"line":6,"column":2},"end":{"line":8,"column":3}},{"start":{},"end":{}}],"line":6}},"s":{"0":1,"1":1,"2":0,"3":0,"4":0,"5":0,"6":0,"7":0,"8":0,"9":0,"10":0,"11":1},"f":{"0":0},"b":{"0":[0,0]},"meta":{"lastBranch":1,"lastFunction":1,"lastStatement":12,"seen":{"s:1:12:1:35":0,"s:3:21:19:1":1,"f:3:21:3:22":0,"s:4:21:4:46":2,"b:6:2:8:3:undefined:undefined:undefined:undefined":0,"s:6:2:8:3":3,"s:7:4:7:64":4,"s:10:16:10:40":5,"s:12:2:18:3":6,"s:13:20:13:61":7,"s:14:4:14:23":8,"s:15:4:15:11":9,"s:17:4:17:60":10,"s:21:0:21:30":11}}}
,"C:\\Users\\attep\\backend-course-project\\src\\middleware\\errorHandler.js": {"path":"C:\\Users\\attep\\backend-course-project\\src\\middleware\\errorHandler.js","statementMap":{"0":{"start":{"line":1,"column":21},"end":{"line":1,"column":35}},"1":{"start":{"line":2,"column":12},"end":{"line":2,"column":35}},"2":{"start":{"line":3,"column":15},"end":{"line":3,"column":32}},"3":{"start":{"line":5,"column":21},"end":{"line":5,"column":45}},"4":{"start":{"line":8,"column":2},"end":{"line":13,"column":3}},"5":{"start":{"line":9,"column":4},"end":{"line":12,"column":7}},"6":{"start":{"line":15,"column":2},"end":{"line":19,"column":3}},"7":{"start":{"line":16,"column":4},"end":{"line":18,"column":7}},"8":{"start":{"line":21,"column":2},"end":{"line":28,"column":3}},"9":{"start":{"line":25,"column":4},"end":{"line":27,"column":7}},"10":{"start":{"line":30,"column":2},"end":{"line":34,"column":3}},"11":{"start":{"line":31,"column":4},"end":{"line":33,"column":7}},"12":{"start":{"line":36,"column":2},"end":{"line":40,"column":3}},"13":{"start":{"line":37,"column":4},"end":{"line":39,"column":7}},"14":{"start":{"line":42,"column":2},"end":{"line":42,"column":21}},"15":{"start":{"line":44,"column":2},"end":{"line":46,"column":5}},"16":{"start":{"line":49,"column":0},"end":{"line":49,"column":30}}},"fnMap":{"0":{"name":"errorHandler","decl":{"start":{"line":7,"column":9},"end":{"line":7,"column":21}},"loc":{"start":{"line":7,"column":43},"end":{"line":47,"column":1}},"line":7}},"branchMap":{"0":{"loc":{"start":{"line":8,"column":2},"end":{"line":13,"column":3}},"type":"if","locations":[{"start":{"line":8,"column":2},"end":{"line":13,"column":3}},{"start":{},"end":{}}],"line":8},"1":{"loc":{"start":{"line":15,"column":2},"end":{"line":19,"column":3}},"type":"if","locations":[{"start":{"line":15,"column":2},"end":{"line":19,"column":3}},{"start":{},"end":{}}],"line":15},"2":{"loc":{"start":{"line":21,"column":2},"end":{"line":28,"column":3}},"type":"if","locations":[{"start":{"line":21,"column":2},"end":{"line":28,"column":3}},{"start":{},"end":{}}],"line":21},"3":{"loc":{"start":{"line":22,"column":4},"end":{"line":23,"column":40}},"type":"binary-expr","locations":[{"start":{"line":22,"column":4},"end":{"line":22,"column":40}},{"start":{"line":23,"column":4},"end":{"line":23,"column":40}}],"line":22},"4":{"loc":{"start":{"line":30,"column":2},"end":{"line":34,"column":3}},"type":"if","locations":[{"start":{"line":30,"column":2},"end":{"line":34,"column":3}},{"start":{},"end":{}}],"line":30},"5":{"loc":{"start":{"line":36,"column":2},"end":{"line":40,"column":3}},"type":"if","locations":[{"start":{"line":36,"column":2},"end":{"line":40,"column":3}},{"start":{},"end":{}}],"line":36}},"s":{"0":1,"1":1,"2":1,"3":1,"4":0,"5":0,"6":0,"7":0,"8":0,"9":0,"10":0,"11":0,"12":0,"13":0,"14":0,"15":0,"16":1},"f":{"0":0},"b":{"0":[0,0],"1":[0,0],"2":[0,0],"3":[0,0],"4":[0,0],"5":[0,0]},"meta":{"lastBranch":6,"lastFunction":1,"lastStatement":17,"seen":{"s:1:21:1:35":0,"s:2:12:2:35":1,"s:3:15:3:32":2,"s:5:21:5:45":3,"f:7:9:7:21":0,"b:8:2:13:3:undefined:undefined:undefined:undefined":0,"s:8:2:13:3":4,"s:9:4:12:7":5,"b:15:2:19:3:undefined:undefined:undefined:undefined":1,"s:15:2:19:3":6,"s:16:4:18:7":7,"b:21:2:28:3:undefined:undefined:undefined:undefined":2,"s:21:2:28:3":8,"b:22:4:22:40:23:4:23:40":3,"s:25:4:27:7":9,"b:30:2:34:3:undefined:undefined:undefined:undefined":4,"s:30:2:34:3":10,"s:31:4:33:7":11,"b:36:2:40:3:undefined:undefined:undefined:undefined":5,"s:36:2:40:3":12,"s:37:4:39:7":13,"s:42:2:42:21":14,"s:44:2:46:5":15,"s:49:0:49:30":16}}}
,"C:\\Users\\attep\\backend-course-project\\src\\routes\\auth.js": {"path":"C:\\Users\\attep\\backend-course-project\\src\\routes\\auth.js","statementMap":{"0":{"start":{"line":1,"column":16},"end":{"line":1,"column":34}},"1":{"start":{"line":2,"column":15},"end":{"line":2,"column":32}},"2":{"start":{"line":3,"column":12},"end":{"line":3,"column":35}},"3":{"start":{"line":4,"column":25},"end":{"line":4,"column":50}},"4":{"start":{"line":6,"column":15},"end":{"line":6,"column":33}},"5":{"start":{"line":7,"column":15},"end":{"line":7,"column":31}},"6":{"start":{"line":10,"column":0},"end":{"line":28,"column":3}},"7":{"start":{"line":11,"column":36},"end":{"line":11,"column":44}},"8":{"start":{"line":13,"column":2},"end":{"line":27,"column":3}},"9":{"start":{"line":14,"column":27},"end":{"line":14,"column":58}},"10":{"start":{"line":16,"column":17},"end":{"line":22,"column":6}},"11":{"start":{"line":24,"column":4},"end":{"line":24,"column":48}},"12":{"start":{"line":26,"column":4},"end":{"line":26,"column":59}},"13":{"start":{"line":31,"column":0},"end":{"line":60,"column":3}},"14":{"start":{"line":32,"column":30},"end":{"line":32,"column":38}},"15":{"start":{"line":34,"column":4},"end":{"line":38,"column":3}},"16":{"start":{"line":35,"column":4},"end":{"line":37,"column":7}},"17":{"start":{"line":40,"column":15},"end":{"line":42,"column":4}},"18":{"start":{"line":44,"column":2},"end":{"line":46,"column":3}},"19":{"start":{"line":45,"column":4},"end":{"line":45,"column":66}},"20":{"start":{"line":48,"column":16},"end":{"line":48,"column":61}},"21":{"start":{"line":50,"column":2},"end":{"line":52,"column":3}},"22":{"start":{"line":51,"column":4},"end":{"line":51,"column":66}},"23":{"start":{"line":54,"column":16},"end":{"line":57,"column":3}},"24":{"start":{"line":59,"column":2},"end":{"line":59,"column":22}},"25":{"start":{"line":62,"column":0},"end":{"line":62,"column":24}}},"fnMap":{"0":{"name":"(anonymous_0)","decl":{"start":{"line":10,"column":25},"end":{"line":10,"column":30}},"loc":{"start":{"line":10,"column":45},"end":{"line":28,"column":1}},"line":10},"1":{"name":"(anonymous_1)","decl":{"start":{"line":31,"column":22},"end":{"line":31,"column":27}},"loc":{"start":{"line":31,"column":42},"end":{"line":60,"column":1}},"line":31}},"branchMap":{"0":{"loc":{"start":{"line":34,"column":4},"end":{"line":38,"column":3}},"type":"if","locations":[{"start":{"line":34,"column":4},"end":{"line":38,"column":3}},{"start":{},"end":{}}],"line":34},"1":{"loc":{"start":{"line":34,"column":8},"end":{"line":34,"column":27}},"type":"binary-expr","locations":[{"start":{"line":34,"column":8},"end":{"line":34,"column":14}},{"start":{"line":34,"column":18},"end":{"line":34,"column":27}}],"line":34},"2":{"loc":{"start":{"line":44,"column":2},"end":{"line":46,"column":3}},"type":"if","locations":[{"start":{"line":44,"column":2},"end":{"line":46,"column":3}},{"start":{},"end":{}}],"line":44},"3":{"loc":{"start":{"line":50,"column":2},"end":{"line":52,"column":3}},"type":"if","locations":[{"start":{"line":50,"column":2},"end":{"line":52,"column":3}},{"start":{},"end":{}}],"line":50}},"s":{"0":1,"1":1,"2":1,"3":1,"4":1,"5":1,"6":1,"7":0,"8":0,"9":0,"10":0,"11":0,"12":0,"13":1,"14":1,"15":1,"16":1,"17":0,"18":0,"19":0,"20":0,"21":0,"22":0,"23":0,"24":0,"25":1},"f":{"0":0,"1":1},"b":{"0":[1,0],"1":[1,0],"2":[0,0],"3":[0,0]},"meta":{"lastBranch":4,"lastFunction":2,"lastStatement":26,"seen":{"s:1:16:1:34":0,"s:2:15:2:32":1,"s:3:12:3:35":2,"s:4:25:4:50":3,"s:6:15:6:33":4,"s:7:15:7:31":5,"s:10:0:28:3":6,"f:10:25:10:30":0,"s:11:36:11:44":7,"s:13:2:27:3":8,"s:14:27:14:58":9,"s:16:17:22:6":10,"s:24:4:24:48":11,"s:26:4:26:59":12,"s:31:0:60:3":13,"f:31:22:31:27":1,"s:32:30:32:38":14,"b:34:4:38:3:undefined:undefined:undefined:undefined":0,"s:34:4:38:3":15,"b:34:8:34:14:34:18:34:27":1,"s:35:4:37:7":16,"s:40:15:42:4":17,"b:44:2:46:3:undefined:undefined:undefined:undefined":2,"s:44:2:46:3":18,"s:45:4:45:66":19,"s:48:16:48:61":20,"b:50:2:52:3:undefined:undefined:undefined:undefined":3,"s:50:2:52:3":21,"s:51:4:51:66":22,"s:54:16:57:3":23,"s:59:2:59:22":24,"s:62:0:62:24":25}}}
,"C:\\Users\\attep\\backend-course-project\\src\\routes\\posts.js": {"path":"C:\\Users\\attep\\backend-course-project\\src\\routes\\posts.js","statementMap":{"0":{"start":{"line":1,"column":16},"end":{"line":1,"column":34}},"1":{"start":{"line":2,"column":15},"end":{"line":2,"column":31}},"2":{"start":{"line":4,"column":15},"end":{"line":4,"column":39}},"3":{"start":{"line":5,"column":21},"end":{"line":5,"column":50}},"4":{"start":{"line":7,"column":15},"end":{"line":7,"column":32}},"5":{"start":{"line":8,"column":13},"end":{"line":8,"column":28}},"6":{"start":{"line":11,"column":0},"end":{"line":11,"column":25}},"7":{"start":{"line":13,"column":16},"end":{"line":26,"column":2}},"8":{"start":{"line":17,"column":16},"end":{"line":17,"column":47}},"9":{"start":{"line":19,"column":4},"end":{"line":24,"column":6}},"10":{"start":{"line":28,"column":15},"end":{"line":42,"column":2}},"11":{"start":{"line":32,"column":4},"end":{"line":36,"column":5}},"12":{"start":{"line":33,"column":6},"end":{"line":33,"column":21}},"13":{"start":{"line":35,"column":6},"end":{"line":35,"column":52}},"14":{"start":{"line":45,"column":2},"end":{"line":47,"column":3}},"15":{"start":{"line":46,"column":4},"end":{"line":46,"column":20}},"16":{"start":{"line":49,"column":2},"end":{"line":54,"column":3}},"17":{"start":{"line":50,"column":4},"end":{"line":53,"column":23}},"18":{"start":{"line":52,"column":18},"end":{"line":52,"column":26}},"19":{"start":{"line":56,"column":2},"end":{"line":56,"column":12}},"20":{"start":{"line":60,"column":2},"end":{"line":76,"column":4}},"21":{"start":{"line":65,"column":39},"end":{"line":65,"column":45}},"22":{"start":{"line":80,"column":0},"end":{"line":128,"column":3}},"23":{"start":{"line":81,"column":17},"end":{"line":81,"column":59}},"24":{"start":{"line":83,"column":16},"end":{"line":86,"column":3}},"25":{"start":{"line":88,"column":15},"end":{"line":88,"column":33}},"26":{"start":{"line":90,"column":22},"end":{"line":90,"column":31}},"27":{"start":{"line":92,"column":16},"end":{"line":94,"column":8}},"28":{"start":{"line":96,"column":32},"end":{"line":118,"column":2}},"29":{"start":{"line":120,"column":2},"end":{"line":127,"column":3}},"30":{"start":{"line":131,"column":0},"end":{"line":144,"column":3}},"31":{"start":{"line":132,"column":13},"end":{"line":132,"column":34}},"32":{"start":{"line":134,"column":15},"end":{"line":137,"column":4}},"33":{"start":{"line":139,"column":2},"end":{"line":141,"column":3}},"34":{"start":{"line":140,"column":4},"end":{"line":140,"column":58}},"35":{"start":{"line":143,"column":2},"end":{"line":143,"column":29}},"36":{"start":{"line":147,"column":0},"end":{"line":179,"column":3}},"37":{"start":{"line":148,"column":45},"end":{"line":148,"column":53}},"38":{"start":{"line":149,"column":19},"end":{"line":149,"column":68}},"39":{"start":{"line":151,"column":2},"end":{"line":155,"column":3}},"40":{"start":{"line":152,"column":4},"end":{"line":154,"column":7}},"41":{"start":{"line":157,"column":18},"end":{"line":176,"column":4}},"42":{"start":{"line":165,"column":56},"end":{"line":168,"column":3}},"43":{"start":{"line":178,"column":2},"end":{"line":178,"column":44}},"44":{"start":{"line":182,"column":0},"end":{"line":236,"column":3}},"45":{"start":{"line":183,"column":13},"end":{"line":183,"column":34}},"46":{"start":{"line":184,"column":45},"end":{"line":184,"column":53}},"47":{"start":{"line":186,"column":23},"end":{"line":188,"column":4}},"48":{"start":{"line":190,"column":2},"end":{"line":194,"column":3}},"49":{"start":{"line":191,"column":4},"end":{"line":193,"column":7}},"50":{"start":{"line":196,"column":2},"end":{"line":200,"column":3}},"51":{"start":{"line":197,"column":4},"end":{"line":199,"column":7}},"52":{"start":{"line":202,"column":22},"end":{"line":233,"column":4}},"53":{"start":{"line":215,"column":56},"end":{"line":218,"column":3}},"54":{"start":{"line":235,"column":2},"end":{"line":235,"column":36}},"55":{"start":{"line":239,"column":0},"end":{"line":247,"column":3}},"56":{"start":{"line":240,"column":13},"end":{"line":240,"column":34}},"57":{"start":{"line":242,"column":2},"end":{"line":244,"column":5}},"58":{"start":{"line":246,"column":2},"end":{"line":246,"column":48}},"59":{"start":{"line":250,"column":0},"end":{"line":294,"column":3}},"60":{"start":{"line":252,"column":17},"end":{"line":252,"column":42}},"61":{"start":{"line":254,"column":15},"end":{"line":256,"column":4}},"62":{"start":{"line":258,"column":2},"end":{"line":262,"column":3}},"63":{"start":{"line":259,"column":4},"end":{"line":261,"column":7}},"64":{"start":{"line":264,"column":15},"end":{"line":278,"column":4}},"65":{"start":{"line":280,"column":20},"end":{"line":282,"column":4}},"66":{"start":{"line":284,"column":2},"end":{"line":293,"column":5}},"67":{"start":{"line":297,"column":0},"end":{"line":326,"column":3}},"68":{"start":{"line":298,"column":17},"end":{"line":298,"column":42}},"69":{"start":{"line":300,"column":15},"end":{"line":302,"column":4}},"70":{"start":{"line":304,"column":2},"end":{"line":308,"column":3}},"71":{"start":{"line":305,"column":4},"end":{"line":307,"column":7}},"72":{"start":{"line":310,"column":2},"end":{"line":315,"column":5}},"73":{"start":{"line":317,"column":20},"end":{"line":319,"column":4}},"74":{"start":{"line":321,"column":2},"end":{"line":325,"column":5}},"75":{"start":{"line":329,"column":0},"end":{"line":340,"column":3}},"76":{"start":{"line":330,"column":2},"end":{"line":337,"column":3}},"77":{"start":{"line":334,"column":4},"end":{"line":336,"column":7}},"78":{"start":{"line":339,"column":2},"end":{"line":339,"column":12}},"79":{"start":{"line":342,"column":0},"end":{"line":342,"column":24}}},"fnMap":{"0":{"name":"(anonymous_0)","decl":{"start":{"line":16,"column":12},"end":{"line":16,"column":13}},"loc":{"start":{"line":16,"column":31},"end":{"line":25,"column":3}},"line":16},"1":{"name":"(anonymous_1)","decl":{"start":{"line":31,"column":14},"end":{"line":31,"column":15}},"loc":{"start":{"line":31,"column":33},"end":{"line":37,"column":3}},"line":31},"2":{"name":"parseKeywords","decl":{"start":{"line":44,"column":9},"end":{"line":44,"column":22}},"loc":{"start":{"line":44,"column":33},"end":{"line":57,"column":1}},"line":44},"3":{"name":"(anonymous_3)","decl":{"start":{"line":52,"column":11},"end":{"line":52,"column":12}},"loc":{"start":{"line":52,"column":18},"end":{"line":52,"column":26}},"line":52},"4":{"name":"formatPost","decl":{"start":{"line":59,"column":9},"end":{"line":59,"column":19}},"loc":{"start":{"line":59,"column":26},"end":{"line":77,"column":1}},"line":59},"5":{"name":"(anonymous_5)","decl":{"start":{"line":65,"column":32},"end":{"line":65,"column":33}},"loc":{"start":{"line":65,"column":39},"end":{"line":65,"column":45}},"line":65},"6":{"name":"(anonymous_6)","decl":{"start":{"line":80,"column":16},"end":{"line":80,"column":21}},"loc":{"start":{"line":80,"column":36},"end":{"line":128,"column":1}},"line":80},"7":{"name":"(anonymous_7)","decl":{"start":{"line":131,"column":19},"end":{"line":131,"column":24}},"loc":{"start":{"line":131,"column":39},"end":{"line":144,"column":1}},"line":131},"8":{"name":"(anonymous_8)","decl":{"start":{"line":147,"column":41},"end":{"line":147,"column":46}},"loc":{"start":{"line":147,"column":61},"end":{"line":179,"column":1}},"line":147},"9":{"name":"(anonymous_9)","decl":{"start":{"line":165,"column":47},"end":{"line":165,"column":48}},"loc":{"start":{"line":165,"column":56},"end":{"line":168,"column":3}},"line":165},"10":{"name":"(anonymous_10)","decl":{"start":{"line":182,"column":43},"end":{"line":182,"column":48}},"loc":{"start":{"line":182,"column":63},"end":{"line":236,"column":1}},"line":182},"11":{"name":"(anonymous_11)","decl":{"start":{"line":215,"column":47},"end":{"line":215,"column":48}},"loc":{"start":{"line":215,"column":56},"end":{"line":218,"column":3}},"line":215},"12":{"name":"(anonymous_12)","decl":{"start":{"line":239,"column":22},"end":{"line":239,"column":27}},"loc":{"start":{"line":239,"column":42},"end":{"line":247,"column":1}},"line":239},"13":{"name":"(anonymous_13)","decl":{"start":{"line":250,"column":29},"end":{"line":250,"column":34}},"loc":{"start":{"line":250,"column":49},"end":{"line":294,"column":1}},"line":250},"14":{"name":"(anonymous_14)","decl":{"start":{"line":297,"column":31},"end":{"line":297,"column":36}},"loc":{"start":{"line":297,"column":51},"end":{"line":326,"column":1}},"line":297},"15":{"name":"(anonymous_15)","decl":{"start":{"line":329,"column":11},"end":{"line":329,"column":12}},"loc":{"start":{"line":329,"column":36},"end":{"line":340,"column":1}},"line":329}},"branchMap":{"0":{"loc":{"start":{"line":32,"column":4},"end":{"line":36,"column":5}},"type":"if","locations":[{"start":{"line":32,"column":4},"end":{"line":36,"column":5}},{"start":{"line":34,"column":11},"end":{"line":36,"column":5}}],"line":32},"1":{"loc":{"start":{"line":45,"column":2},"end":{"line":47,"column":3}},"type":"if","locations":[{"start":{"line":45,"column":2},"end":{"line":47,"column":3}},{"start":{},"end":{}}],"line":45},"2":{"loc":{"start":{"line":49,"column":2},"end":{"line":54,"column":3}},"type":"if","locations":[{"start":{"line":49,"column":2},"end":{"line":54,"column":3}},{"start":{},"end":{}}],"line":49},"3":{"loc":{"start":{"line":67,"column":14},"end":{"line":67,"column":37}},"type":"binary-expr","locations":[{"start":{"line":67,"column":14},"end":{"line":67,"column":29}},{"start":{"line":67,"column":33},"end":{"line":67,"column":37}}],"line":67},"4":{"loc":{"start":{"line":69,"column":15},"end":{"line":69,"column":38}},"type":"binary-expr","locations":[{"start":{"line":69,"column":15},"end":{"line":69,"column":33}},{"start":{"line":69,"column":37},"end":{"line":69,"column":38}}],"line":69},"5":{"loc":{"start":{"line":71,"column":11},"end":{"line":71,"column":53}},"type":"cond-expr","locations":[{"start":{"line":71,"column":24},"end":{"line":71,"column":45}},{"start":{"line":71,"column":48},"end":{"line":71,"column":53}}],"line":71},"6":{"loc":{"start":{"line":81,"column":29},"end":{"line":81,"column":58}},"type":"binary-expr","locations":[{"start":{"line":81,"column":29},"end":{"line":81,"column":53}},{"start":{"line":81,"column":57},"end":{"line":81,"column":58}}],"line":81},"7":{"loc":{"start":{"line":85,"column":18},"end":{"line":85,"column":48}},"type":"binary-expr","locations":[{"start":{"line":85,"column":18},"end":{"line":85,"column":43}},{"start":{"line":85,"column":47},"end":{"line":85,"column":48}}],"line":85},"8":{"loc":{"start":{"line":92,"column":16},"end":{"line":94,"column":8}},"type":"cond-expr","locations":[{"start":{"line":93,"column":6},"end":{"line":93,"column":47}},{"start":{"line":94,"column":6},"end":{"line":94,"column":8}}],"line":92},"9":{"loc":{"start":{"line":104,"column":22},"end":{"line":104,"column":52}},"type":"binary-expr","locations":[{"start":{"line":104,"column":22},"end":{"line":104,"column":37}},{"start":{"line":104,"column":41},"end":{"line":104,"column":52}}],"line":104},"10":{"loc":{"start":{"line":139,"column":2},"end":{"line":141,"column":3}},"type":"if","locations":[{"start":{"line":139,"column":2},"end":{"line":141,"column":3}},{"start":{},"end":{}}],"line":139},"11":{"loc":{"start":{"line":149,"column":19},"end":{"line":149,"column":68}},"type":"cond-expr","locations":[{"start":{"line":149,"column":30},"end":{"line":149,"column":61}},{"start":{"line":149,"column":64},"end":{"line":149,"column":68}}],"line":149},"12":{"loc":{"start":{"line":151,"column":2},"end":{"line":155,"column":3}},"type":"if","locations":[{"start":{"line":151,"column":2},"end":{"line":155,"column":3}},{"start":{},"end":{}}],"line":151},"13":{"loc":{"start":{"line":151,"column":6},"end":{"line":151,"column":24}},"type":"binary-expr","locations":[{"start":{"line":151,"column":6},"end":{"line":151,"column":12}},{"start":{"line":151,"column":16},"end":{"line":151,"column":24}}],"line":151},"14":{"loc":{"start":{"line":161,"column":12},"end":{"line":161,"column":46}},"type":"cond-expr","locations":[{"start":{"line":161,"column":19},"end":{"line":161,"column":33}},{"start":{"line":161,"column":36},"end":{"line":161,"column":46}}],"line":161},"15":{"loc":{"start":{"line":163,"column":15},"end":{"line":163,"column":45}},"type":"binary-expr","locations":[{"start":{"line":163,"column":15},"end":{"line":163,"column":30}},{"start":{"line":163,"column":34},"end":{"line":163,"column":45}}],"line":163},"16":{"loc":{"start":{"line":190,"column":2},"end":{"line":194,"column":3}},"type":"if","locations":[{"start":{"line":190,"column":2},"end":{"line":194,"column":3}},{"start":{},"end":{}}],"line":190},"17":{"loc":{"start":{"line":196,"column":2},"end":{"line":200,"column":3}},"type":"if","locations":[{"start":{"line":196,"column":2},"end":{"line":200,"column":3}},{"start":{},"end":{}}],"line":196},"18":{"loc":{"start":{"line":196,"column":6},"end":{"line":196,"column":24}},"type":"binary-expr","locations":[{"start":{"line":196,"column":6},"end":{"line":196,"column":12}},{"start":{"line":196,"column":16},"end":{"line":196,"column":24}}],"line":196},"19":{"loc":{"start":{"line":207,"column":12},"end":{"line":207,"column":53}},"type":"cond-expr","locations":[{"start":{"line":207,"column":19},"end":{"line":207,"column":33}},{"start":{"line":207,"column":36},"end":{"line":207,"column":53}}],"line":207},"20":{"loc":{"start":{"line":209,"column":10},"end":{"line":211,"column":12}},"type":"cond-expr","locations":[{"start":{"line":210,"column":10},"end":{"line":210,"column":55}},{"start":{"line":211,"column":10},"end":{"line":211,"column":12}}],"line":209},"21":{"loc":{"start":{"line":226,"column":26},"end":{"line":226,"column":56}},"type":"binary-expr","locations":[{"start":{"line":226,"column":26},"end":{"line":226,"column":41}},{"start":{"line":226,"column":45},"end":{"line":226,"column":56}}],"line":226},"22":{"loc":{"start":{"line":258,"column":2},"end":{"line":262,"column":3}},"type":"if","locations":[{"start":{"line":258,"column":2},"end":{"line":262,"column":3}},{"start":{},"end":{}}],"line":258},"23":{"loc":{"start":{"line":267,"column":17},"end":{"line":267,"column":47}},"type":"binary-expr","locations":[{"start":{"line":267,"column":17},"end":{"line":267,"column":32}},{"start":{"line":267,"column":36},"end":{"line":267,"column":47}}],"line":267},"24":{"loc":{"start":{"line":275,"column":15},"end":{"line":275,"column":45}},"type":"binary-expr","locations":[{"start":{"line":275,"column":15},"end":{"line":275,"column":30}},{"start":{"line":275,"column":34},"end":{"line":275,"column":45}}],"line":275},"25":{"loc":{"start":{"line":304,"column":2},"end":{"line":308,"column":3}},"type":"if","locations":[{"start":{"line":304,"column":2},"end":{"line":308,"column":3}},{"start":{},"end":{}}],"line":304},"26":{"loc":{"start":{"line":312,"column":15},"end":{"line":312,"column":45}},"type":"binary-expr","locations":[{"start":{"line":312,"column":15},"end":{"line":312,"column":30}},{"start":{"line":312,"column":34},"end":{"line":312,"column":45}}],"line":312},"27":{"loc":{"start":{"line":330,"column":2},"end":{"line":337,"column":3}},"type":"if","locations":[{"start":{"line":330,"column":2},"end":{"line":337,"column":3}},{"start":{},"end":{}}],"line":330},"28":{"loc":{"start":{"line":331,"column":4},"end":{"line":332,"column":51}},"type":"binary-expr","locations":[{"start":{"line":331,"column":4},"end":{"line":331,"column":37}},{"start":{"line":332,"column":4},"end":{"line":332,"column":51}}],"line":331}},"s":{"0":1,"1":1,"2":1,"3":1,"4":1,"5":1,"6":1,"7":1,"8":0,"9":0,"10":1,"11":0,"12":0,"13":0,"14":0,"15":0,"16":0,"17":0,"18":0,"19":0,"20":0,"21":0,"22":1,"23":0,"24":0,"25":0,"26":0,"27":0,"28":0,"29":0,"30":1,"31":0,"32":0,"33":0,"34":0,"35":0,"36":1,"37":0,"38":0,"39":0,"40":0,"41":0,"42":0,"43":0,"44":1,"45":0,"46":0,"47":0,"48":0,"49":0,"50":0,"51":0,"52":0,"53":0,"54":0,"55":1,"56":0,"57":0,"58":0,"59":1,"60":0,"61":0,"62":0,"63":0,"64":0,"65":0,"66":0,"67":1,"68":0,"69":0,"70":0,"71":0,"72":0,"73":0,"74":0,"75":1,"76":0,"77":0,"78":0,"79":1},"f":{"0":0,"1":0,"2":0,"3":0,"4":0,"5":0,"6":0,"7":0,"8":0,"9":0,"10":0,"11":0,"12":0,"13":0,"14":0,"15":0},"b":{"0":[0,0],"1":[0,0],"2":[0,0],"3":[0,0],"4":[0,0],"5":[0,0],"6":[0,0],"7":[0,0],"8":[0,0],"9":[0,0],"10":[0,0],"11":[0,0],"12":[0,0],"13":[0,0],"14":[0,0],"15":[0,0],"16":[0,0],"17":[0,0],"18":[0,0],"19":[0,0],"20":[0,0],"21":[0,0],"22":[0,0],"23":[0,0],"24":[0,0],"25":[0,0],"26":[0,0],"27":[0,0],"28":[0,0]},"meta":{"lastBranch":29,"lastFunction":16,"lastStatement":80,"seen":{"s:1:16:1:34":0,"s:2:15:2:31":1,"s:4:15:4:39":2,"s:5:21:5:50":3,"s:7:15:7:32":4,"s:8:13:8:28":5,"s:11:0:11:25":6,"s:13:16:26:2":7,"f:16:12:16:13":0,"s:17:16:17:47":8,"s:19:4:24:6":9,"s:28:15:42:2":10,"f:31:14:31:15":1,"b:32:4:36:5:34:11:36:5":0,"s:32:4:36:5":11,"s:33:6:33:21":12,"s:35:6:35:52":13,"f:44:9:44:22":2,"b:45:2:47:3:undefined:undefined:undefined:undefined":1,"s:45:2:47:3":14,"s:46:4:46:20":15,"b:49:2:54:3:undefined:undefined:undefined:undefined":2,"s:49:2:54:3":16,"s:50:4:53:23":17,"f:52:11:52:12":3,"s:52:18:52:26":18,"s:56:2:56:12":19,"f:59:9:59:19":4,"s:60:2:76:4":20,"f:65:32:65:33":5,"s:65:39:65:45":21,"b:67:14:67:29:67:33:67:37":3,"b:69:15:69:33:69:37:69:38":4,"b:71:24:71:45:71:48:71:53":5,"s:80:0:128:3":22,"f:80:16:80:21":6,"s:81:17:81:59":23,"b:81:29:81:53:81:57:81:58":6,"s:83:16:86:3":24,"b:85:18:85:43:85:47:85:48":7,"s:88:15:88:33":25,"s:90:22:90:31":26,"s:92:16:94:8":27,"b:93:6:93:47:94:6:94:8":8,"s:96:32:118:2":28,"b:104:22:104:37:104:41:104:52":9,"s:120:2:127:3":29,"s:131:0:144:3":30,"f:131:19:131:24":7,"s:132:13:132:34":31,"s:134:15:137:4":32,"b:139:2:141:3:undefined:undefined:undefined:undefined":10,"s:139:2:141:3":33,"s:140:4:140:58":34,"s:143:2:143:29":35,"s:147:0:179:3":36,"f:147:41:147:46":8,"s:148:45:148:53":37,"s:149:19:149:68":38,"b:149:30:149:61:149:64:149:68":11,"b:151:2:155:3:undefined:undefined:undefined:undefined":12,"s:151:2:155:3":39,"b:151:6:151:12:151:16:151:24":13,"s:152:4:154:7":40,"s:157:18:176:4":41,"b:161:19:161:33:161:36:161:46":14,"b:163:15:163:30:163:34:163:45":15,"f:165:47:165:48":9,"s:165:56:168:3":42,"s:178:2:178:44":43,"s:182:0:236:3":44,"f:182:43:182:48":10,"s:183:13:183:34":45,"s:184:45:184:53":46,"s:186:23:188:4":47,"b:190:2:194:3:undefined:undefined:undefined:undefined":16,"s:190:2:194:3":48,"s:191:4:193:7":49,"b:196:2:200:3:undefined:undefined:undefined:undefined":17,"s:196:2:200:3":50,"b:196:6:196:12:196:16:196:24":18,"s:197:4:199:7":51,"s:202:22:233:4":52,"b:207:19:207:33:207:36:207:53":19,"b:210:10:210:55:211:10:211:12":20,"f:215:47:215:48":11,"s:215:56:218:3":53,"b:226:26:226:41:226:45:226:56":21,"s:235:2:235:36":54,"s:239:0:247:3":55,"f:239:22:239:27":12,"s:240:13:240:34":56,"s:242:2:244:5":57,"s:246:2:246:48":58,"s:250:0:294:3":59,"f:250:29:250:34":13,"s:252:17:252:42":60,"s:254:15:256:4":61,"b:258:2:262:3:undefined:undefined:undefined:undefined":22,"s:258:2:262:3":62,"s:259:4:261:7":63,"s:264:15:278:4":64,"b:267:17:267:32:267:36:267:47":23,"b:275:15:275:30:275:34:275:45":24,"s:280:20:282:4":65,"s:284:2:293:5":66,"s:297:0:326:3":67,"f:297:31:297:36":14,"s:298:17:298:42":68,"s:300:15:302:4":69,"b:304:2:308:3:undefined:undefined:undefined:undefined":25,"s:304:2:308:3":70,"s:305:4:307:7":71,"s:310:2:315:5":72,"b:312:15:312:30:312:34:312:45":26,"s:317:20:319:4":73,"s:321:2:325:5":74,"s:329:0:340:3":75,"f:329:11:329:12":15,"b:330:2:337:3:undefined:undefined:undefined:undefined":27,"s:330:2:337:3":76,"b:331:4:331:37:332:4:332:51":28,"s:334:4:336:7":77,"s:339:2:339:12":78,"s:342:0:342:24":79}}}
,"C:\\Users\\attep\\backend-course-project\\src\\routes\\questions.js": {"path":"C:\\Users\\attep\\backend-course-project\\src\\routes\\questions.js","statementMap":{"0":{"start":{"line":1,"column":16},"end":{"line":1,"column":34}},"1":{"start":{"line":2,"column":15},"end":{"line":2,"column":31}},"2":{"start":{"line":4,"column":15},"end":{"line":4,"column":39}},"3":{"start":{"line":5,"column":21},"end":{"line":5,"column":50}},"4":{"start":{"line":7,"column":15},"end":{"line":7,"column":32}},"5":{"start":{"line":8,"column":13},"end":{"line":8,"column":28}},"6":{"start":{"line":10,"column":0},"end":{"line":10,"column":25}},"7":{"start":{"line":12,"column":16},"end":{"line":25,"column":2}},"8":{"start":{"line":16,"column":16},"end":{"line":16,"column":47}},"9":{"start":{"line":18,"column":4},"end":{"line":23,"column":6}},"10":{"start":{"line":27,"column":15},"end":{"line":41,"column":2}},"11":{"start":{"line":31,"column":4},"end":{"line":35,"column":5}},"12":{"start":{"line":32,"column":6},"end":{"line":32,"column":21}},"13":{"start":{"line":34,"column":6},"end":{"line":34,"column":52}},"14":{"start":{"line":44,"column":2},"end":{"line":46,"column":3}},"15":{"start":{"line":45,"column":4},"end":{"line":45,"column":20}},"16":{"start":{"line":48,"column":2},"end":{"line":53,"column":3}},"17":{"start":{"line":49,"column":4},"end":{"line":52,"column":23}},"18":{"start":{"line":51,"column":18},"end":{"line":51,"column":26}},"19":{"start":{"line":55,"column":2},"end":{"line":55,"column":12}},"20":{"start":{"line":59,"column":2},"end":{"line":73,"column":4}},"21":{"start":{"line":64,"column":43},"end":{"line":64,"column":49}},"22":{"start":{"line":69,"column":37},"end":{"line":69,"column":46}},"23":{"start":{"line":77,"column":0},"end":{"line":94,"column":3}},"24":{"start":{"line":78,"column":20},"end":{"line":91,"column":4}},"25":{"start":{"line":93,"column":2},"end":{"line":93,"column":42}},"26":{"start":{"line":97,"column":0},"end":{"line":131,"column":3}},"27":{"start":{"line":98,"column":47},"end":{"line":98,"column":55}},"28":{"start":{"line":100,"column":19},"end":{"line":102,"column":10}},"29":{"start":{"line":104,"column":22},"end":{"line":128,"column":4}},"30":{"start":{"line":115,"column":19},"end":{"line":118,"column":11}},"31":{"start":{"line":130,"column":2},"end":{"line":130,"column":52}},"32":{"start":{"line":134,"column":0},"end":{"line":171,"column":3}},"33":{"start":{"line":135,"column":14},"end":{"line":135,"column":36}},"34":{"start":{"line":137,"column":30},"end":{"line":137,"column":38}},"35":{"start":{"line":139,"column":19},"end":{"line":141,"column":4}},"36":{"start":{"line":143,"column":2},"end":{"line":147,"column":3}},"37":{"start":{"line":144,"column":4},"end":{"line":146,"column":7}},"38":{"start":{"line":150,"column":4},"end":{"line":151,"column":40}},"39":{"start":{"line":153,"column":18},"end":{"line":163,"column":4}},"40":{"start":{"line":165,"column":2},"end":{"line":170,"column":5}},"41":{"start":{"line":173,"column":0},"end":{"line":173,"column":null}}},"fnMap":{"0":{"name":"(anonymous_0)","decl":{"start":{"line":15,"column":12},"end":{"line":15,"column":13}},"loc":{"start":{"line":15,"column":31},"end":{"line":24,"column":3}},"line":15},"1":{"name":"(anonymous_1)","decl":{"start":{"line":30,"column":14},"end":{"line":30,"column":15}},"loc":{"start":{"line":30,"column":33},"end":{"line":36,"column":3}},"line":30},"2":{"name":"parseKeywords","decl":{"start":{"line":43,"column":9},"end":{"line":43,"column":22}},"loc":{"start":{"line":43,"column":33},"end":{"line":56,"column":1}},"line":43},"3":{"name":"(anonymous_3)","decl":{"start":{"line":51,"column":11},"end":{"line":51,"column":12}},"loc":{"start":{"line":51,"column":18},"end":{"line":51,"column":26}},"line":51},"4":{"name":"formatQuestion","decl":{"start":{"line":58,"column":9},"end":{"line":58,"column":23}},"loc":{"start":{"line":58,"column":34},"end":{"line":74,"column":1}},"line":58},"5":{"name":"(anonymous_5)","decl":{"start":{"line":64,"column":36},"end":{"line":64,"column":37}},"loc":{"start":{"line":64,"column":43},"end":{"line":64,"column":49}},"line":64},"6":{"name":"(anonymous_6)","decl":{"start":{"line":69,"column":30},"end":{"line":69,"column":31}},"loc":{"start":{"line":69,"column":37},"end":{"line":69,"column":46}},"line":69},"7":{"name":"(anonymous_7)","decl":{"start":{"line":77,"column":16},"end":{"line":77,"column":21}},"loc":{"start":{"line":77,"column":36},"end":{"line":94,"column":1}},"line":77},"8":{"name":"(anonymous_8)","decl":{"start":{"line":97,"column":41},"end":{"line":97,"column":46}},"loc":{"start":{"line":97,"column":61},"end":{"line":131,"column":1}},"line":97},"9":{"name":"(anonymous_9)","decl":{"start":{"line":115,"column":10},"end":{"line":115,"column":11}},"loc":{"start":{"line":115,"column":19},"end":{"line":118,"column":11}},"line":115},"10":{"name":"(anonymous_10)","decl":{"start":{"line":134,"column":26},"end":{"line":134,"column":31}},"loc":{"start":{"line":134,"column":46},"end":{"line":171,"column":1}},"line":134}},"branchMap":{"0":{"loc":{"start":{"line":31,"column":4},"end":{"line":35,"column":5}},"type":"if","locations":[{"start":{"line":31,"column":4},"end":{"line":35,"column":5}},{"start":{"line":33,"column":11},"end":{"line":35,"column":5}}],"line":31},"1":{"loc":{"start":{"line":44,"column":2},"end":{"line":46,"column":3}},"type":"if","locations":[{"start":{"line":44,"column":2},"end":{"line":46,"column":3}},{"start":{},"end":{}}],"line":44},"2":{"loc":{"start":{"line":48,"column":2},"end":{"line":53,"column":3}},"type":"if","locations":[{"start":{"line":48,"column":2},"end":{"line":53,"column":3}},{"start":{},"end":{}}],"line":48},"3":{"loc":{"start":{"line":66,"column":14},"end":{"line":66,"column":41}},"type":"binary-expr","locations":[{"start":{"line":66,"column":14},"end":{"line":66,"column":33}},{"start":{"line":66,"column":37},"end":{"line":66,"column":41}}],"line":66},"4":{"loc":{"start":{"line":69,"column":6},"end":{"line":69,"column":56}},"type":"binary-expr","locations":[{"start":{"line":69,"column":6},"end":{"line":69,"column":47}},{"start":{"line":69,"column":51},"end":{"line":69,"column":56}}],"line":69},"5":{"loc":{"start":{"line":84,"column":18},"end":{"line":84,"column":48}},"type":"binary-expr","locations":[{"start":{"line":84,"column":18},"end":{"line":84,"column":33}},{"start":{"line":84,"column":37},"end":{"line":84,"column":48}}],"line":84},"6":{"loc":{"start":{"line":100,"column":19},"end":{"line":102,"column":10}},"type":"cond-expr","locations":[{"start":{"line":101,"column":6},"end":{"line":101,"column":37}},{"start":{"line":102,"column":6},"end":{"line":102,"column":10}}],"line":100},"7":{"loc":{"start":{"line":108,"column":12},"end":{"line":108,"column":46}},"type":"cond-expr","locations":[{"start":{"line":108,"column":19},"end":{"line":108,"column":33}},{"start":{"line":108,"column":36},"end":{"line":108,"column":46}}],"line":108},"8":{"loc":{"start":{"line":111,"column":14},"end":{"line":111,"column":44}},"type":"binary-expr","locations":[{"start":{"line":111,"column":14},"end":{"line":111,"column":29}},{"start":{"line":111,"column":33},"end":{"line":111,"column":44}}],"line":111},"9":{"loc":{"start":{"line":143,"column":2},"end":{"line":147,"column":3}},"type":"if","locations":[{"start":{"line":143,"column":2},"end":{"line":147,"column":3}},{"start":{},"end":{}}],"line":143},"10":{"loc":{"start":{"line":159,"column":14},"end":{"line":159,"column":44}},"type":"binary-expr","locations":[{"start":{"line":159,"column":14},"end":{"line":159,"column":29}},{"start":{"line":159,"column":33},"end":{"line":159,"column":44}}],"line":159}},"s":{"0":1,"1":1,"2":1,"3":1,"4":1,"5":1,"6":1,"7":1,"8":0,"9":0,"10":1,"11":0,"12":0,"13":0,"14":0,"15":0,"16":0,"17":0,"18":0,"19":0,"20":0,"21":0,"22":0,"23":1,"24":0,"25":0,"26":1,"27":0,"28":0,"29":0,"30":0,"31":0,"32":1,"33":0,"34":0,"35":0,"36":0,"37":0,"38":0,"39":0,"40":0,"41":1},"f":{"0":0,"1":0,"2":0,"3":0,"4":0,"5":0,"6":0,"7":0,"8":0,"9":0,"10":0},"b":{"0":[0,0],"1":[0,0],"2":[0,0],"3":[0,0],"4":[0,0],"5":[0,0],"6":[0,0],"7":[0,0],"8":[0,0],"9":[0,0],"10":[0,0]},"meta":{"lastBranch":11,"lastFunction":11,"lastStatement":42,"seen":{"s:1:16:1:34":0,"s:2:15:2:31":1,"s:4:15:4:39":2,"s:5:21:5:50":3,"s:7:15:7:32":4,"s:8:13:8:28":5,"s:10:0:10:25":6,"s:12:16:25:2":7,"f:15:12:15:13":0,"s:16:16:16:47":8,"s:18:4:23:6":9,"s:27:15:41:2":10,"f:30:14:30:15":1,"b:31:4:35:5:33:11:35:5":0,"s:31:4:35:5":11,"s:32:6:32:21":12,"s:34:6:34:52":13,"f:43:9:43:22":2,"b:44:2:46:3:undefined:undefined:undefined:undefined":1,"s:44:2:46:3":14,"s:45:4:45:20":15,"b:48:2:53:3:undefined:undefined:undefined:undefined":2,"s:48:2:53:3":16,"s:49:4:52:23":17,"f:51:11:51:12":3,"s:51:18:51:26":18,"s:55:2:55:12":19,"f:58:9:58:23":4,"s:59:2:73:4":20,"f:64:36:64:37":5,"s:64:43:64:49":21,"b:66:14:66:33:66:37:66:41":3,"b:69:6:69:47:69:51:69:56":4,"f:69:30:69:31":6,"s:69:37:69:46":22,"s:77:0:94:3":23,"f:77:16:77:21":7,"s:78:20:91:4":24,"b:84:18:84:33:84:37:84:48":5,"s:93:2:93:42":25,"s:97:0:131:3":26,"f:97:41:97:46":8,"s:98:47:98:55":27,"s:100:19:102:10":28,"b:101:6:101:37:102:6:102:10":6,"s:104:22:128:4":29,"b:108:19:108:33:108:36:108:46":7,"b:111:14:111:29:111:33:111:44":8,"f:115:10:115:11":9,"s:115:19:118:11":30,"s:130:2:130:52":31,"s:134:0:171:3":32,"f:134:26:134:31":10,"s:135:14:135:36":33,"s:137:30:137:38":34,"s:139:19:141:4":35,"b:143:2:147:3:undefined:undefined:undefined:undefined":9,"s:143:2:147:3":36,"s:144:4:146:7":37,"s:150:4:151:40":38,"s:153:18:163:4":39,"b:159:14:159:29:159:33:159:44":10,"s:165:2:170:5":40,"s:173:0:173:Infinity":41}}}
,"C:\\Users\\attep\\backend-course-project\\tests\\helpers.js": {"path":"C:\\Users\\attep\\backend-course-project\\tests\\helpers.js","statementMap":{"0":{"start":{"line":1,"column":0},"end":{"line":1,"column":27}},"1":{"start":{"line":3,"column":16},"end":{"line":3,"column":36}},"2":{"start":{"line":4,"column":12},"end":{"line":4,"column":33}},"3":{"start":{"line":6,"column":0},"end":{"line":9,"column":2}}},"fnMap":{},"branchMap":{},"s":{"0":1,"1":1,"2":1,"3":1},"f":{},"b":{},"meta":{"lastBranch":0,"lastFunction":0,"lastStatement":4,"seen":{"s:1:0:1:27":0,"s:3:16:3:36":1,"s:4:12:4:33":2,"s:6:0:9:2":3}}}
}
